13:13:58 INFO      [deprecation] User Deprecated: Support for MySQL < 8 is deprecated and will be removed in DBAL 5 (AbstractMySQLDriver.php:75 called by AbstractDriverMiddleware.php:32, https://github.com/doctrine/dbal/pull/6343, package doctrine/dbal) ["exception" => ErrorException { …}]

 [OK] Consuming messages from transports "scheduler_test, async".               


 // The worker will automatically exit once it has been running for 65s or      
 // received a stop signal via the messenger:stop-workers command.              

 // Quit the worker with CONTROL-C.                                             

13:13:58 INFO      [cache] Lock acquired, now computing item "zenstruck_messenger_monitor.worker.546238" ["key" => "zenstruck_messenger_monitor.worker.546238"]
13:13:58 INFO      [cache] Lock acquired, now computing item "zenstruck_messenger_monitor.worker.546238" ["key" => "zenstruck_messenger_monitor.worker.546238"]
13:13:59 INFO      [cache] Lock acquired, now computing item "zenstruck_messenger_monitor.worker.546238" ["key" => "zenstruck_messenger_monitor.worker.546238"]
13:14:00 INFO      [cache] Lock acquired, now computing item "zenstruck_messenger_monitor.worker.546238" ["key" => "zenstruck_messenger_monitor.worker.546238"]
13:14:01 INFO      [cache] Lock acquired, now computing item "zenstruck_messenger_monitor.worker.546238" ["key" => "zenstruck_messenger_monitor.worker.546238"]
13:14:02 INFO      [cache] Lock acquired, now computing item "zenstruck_messenger_monitor.worker.546238" ["key" => "zenstruck_messenger_monitor.worker.546238"]
13:14:03 INFO      [cache] Lock acquired, now computing item "zenstruck_messenger_monitor.worker.546238" ["key" => "zenstruck_messenger_monitor.worker.546238"]
13:14:04 INFO      [cache] Lock acquired, now computing item "zenstruck_messenger_monitor.worker.546238" ["key" => "zenstruck_messenger_monitor.worker.546238"]
13:14:05 INFO      [cache] Lock acquired, now computing item "zenstruck_messenger_monitor.worker.546238" ["key" => "zenstruck_messenger_monitor.worker.546238"]
13:14:06 INFO      [cache] Lock acquired, now computing item "zenstruck_messenger_monitor.worker.546238" ["key" => "zenstruck_messenger_monitor.worker.546238"]
13:14:07 INFO      [cache] Lock acquired, now computing item "zenstruck_messenger_monitor.worker.546238" ["key" => "zenstruck_messenger_monitor.worker.546238"]
13:14:08 INFO      [cache] Lock acquired, now computing item "zenstruck_messenger_monitor.worker.546238" ["key" => "zenstruck_messenger_monitor.worker.546238"]
13:14:09 INFO      [cache] Lock acquired, now computing item "zenstruck_messenger_monitor.worker.546238" ["key" => "zenstruck_messenger_monitor.worker.546238"]
13:14:10 INFO      [cache] Lock acquired, now computing item "zenstruck_messenger_monitor.worker.546238" ["key" => "zenstruck_messenger_monitor.worker.546238"]
13:14:11 INFO      [cache] Lock acquired, now computing item "zenstruck_messenger_monitor.worker.546238" ["key" => "zenstruck_messenger_monitor.worker.546238"]
13:14:12 INFO      [cache] Lock acquired, now computing item "zenstruck_messenger_monitor.worker.546238" ["key" => "zenstruck_messenger_monitor.worker.546238"]
13:14:13 INFO      [cache] Lock acquired, now computing item "zenstruck_messenger_monitor.worker.546238" ["key" => "zenstruck_messenger_monitor.worker.546238"]
13:14:14 INFO      [cache] Lock acquired, now computing item "zenstruck_messenger_monitor.worker.546238" ["key" => "zenstruck_messenger_monitor.worker.546238"]
13:14:15 INFO      [cache] Lock acquired, now computing item "zenstruck_messenger_monitor.worker.546238" ["key" => "zenstruck_messenger_monitor.worker.546238"]
13:14:16 INFO      [cache] Lock acquired, now computing item "zenstruck_messenger_monitor.worker.546238" ["key" => "zenstruck_messenger_monitor.worker.546238"]
13:14:17 INFO      [cache] Lock acquired, now computing item "zenstruck_messenger_monitor.worker.546238" ["key" => "zenstruck_messenger_monitor.worker.546238"]
13:14:18 INFO      [cache] Lock acquired, now computing item "zenstruck_messenger_monitor.worker.546238" ["key" => "zenstruck_messenger_monitor.worker.546238"]
13:14:19 INFO      [cache] Lock acquired, now computing item "zenstruck_messenger_monitor.worker.546238" ["key" => "zenstruck_messenger_monitor.worker.546238"]
13:14:20 INFO      [cache] Lock acquired, now computing item "zenstruck_messenger_monitor.worker.546238" ["key" => "zenstruck_messenger_monitor.worker.546238"]
13:14:21 INFO      [cache] Lock acquired, now computing item "zenstruck_messenger_monitor.worker.546238" ["key" => "zenstruck_messenger_monitor.worker.546238"]
13:14:22 INFO      [cache] Lock acquired, now computing item "zenstruck_messenger_monitor.worker.546238" ["key" => "zenstruck_messenger_monitor.worker.546238"]
13:14:23 INFO      [cache] Lock acquired, now computing item "zenstruck_messenger_monitor.worker.546238" ["key" => "zenstruck_messenger_monitor.worker.546238"]
13:14:24 INFO      [cache] Lock acquired, now computing item "zenstruck_messenger_monitor.worker.546238" ["key" => "zenstruck_messenger_monitor.worker.546238"]
13:14:25 INFO      [cache] Lock acquired, now computing item "zenstruck_messenger_monitor.worker.546238" ["key" => "zenstruck_messenger_monitor.worker.546238"]
13:14:26 INFO      [cache] Lock acquired, now computing item "zenstruck_messenger_monitor.worker.546238" ["key" => "zenstruck_messenger_monitor.worker.546238"]
13:14:27 INFO      [cache] Lock acquired, now computing item "zenstruck_messenger_monitor.worker.546238" ["key" => "zenstruck_messenger_monitor.worker.546238"]
13:14:28 INFO      [cache] Lock acquired, now computing item "zenstruck_messenger_monitor.worker.546238" ["key" => "zenstruck_messenger_monitor.worker.546238"]
13:14:29 INFO      [cache] Lock acquired, now computing item "zenstruck_messenger_monitor.worker.546238" ["key" => "zenstruck_messenger_monitor.worker.546238"]
13:14:30 INFO      [cache] Lock acquired, now computing item "zenstruck_messenger_monitor.worker.546238" ["key" => "zenstruck_messenger_monitor.worker.546238"]
13:14:31 INFO      [cache] Lock acquired, now computing item "zenstruck_messenger_monitor.worker.546238" ["key" => "zenstruck_messenger_monitor.worker.546238"]
13:14:32 INFO      [cache] Lock acquired, now computing item "zenstruck_messenger_monitor.worker.546238" ["key" => "zenstruck_messenger_monitor.worker.546238"]
13:14:33 INFO      [cache] Lock acquired, now computing item "zenstruck_messenger_monitor.worker.546238" ["key" => "zenstruck_messenger_monitor.worker.546238"]
13:14:34 INFO      [cache] Lock acquired, now computing item "zenstruck_messenger_monitor.worker.546238" ["key" => "zenstruck_messenger_monitor.worker.546238"]
13:14:35 INFO      [cache] Lock acquired, now computing item "zenstruck_messenger_monitor.worker.546238" ["key" => "zenstruck_messenger_monitor.worker.546238"]
13:14:36 INFO      [cache] Lock acquired, now computing item "zenstruck_messenger_monitor.worker.546238" ["key" => "zenstruck_messenger_monitor.worker.546238"]
13:14:37 INFO      [cache] Lock acquired, now computing item "zenstruck_messenger_monitor.worker.546238" ["key" => "zenstruck_messenger_monitor.worker.546238"]
13:14:38 INFO      [cache] Lock acquired, now computing item "zenstruck_messenger_monitor.worker.546238" ["key" => "zenstruck_messenger_monitor.worker.546238"]
13:14:39 INFO      [cache] Lock acquired, now computing item "zenstruck_messenger_monitor.worker.546238" ["key" => "zenstruck_messenger_monitor.worker.546238"]
13:14:40 INFO      [cache] Lock acquired, now computing item "zenstruck_messenger_monitor.worker.546238" ["key" => "zenstruck_messenger_monitor.worker.546238"]
13:14:41 INFO      [cache] Lock acquired, now computing item "zenstruck_messenger_monitor.worker.546238" ["key" => "zenstruck_messenger_monitor.worker.546238"]
13:14:42 INFO      [cache] Lock acquired, now computing item "zenstruck_messenger_monitor.worker.546238" ["key" => "zenstruck_messenger_monitor.worker.546238"]
13:14:43 INFO      [cache] Lock acquired, now computing item "zenstruck_messenger_monitor.worker.546238" ["key" => "zenstruck_messenger_monitor.worker.546238"]
13:14:44 INFO      [cache] Lock acquired, now computing item "zenstruck_messenger_monitor.worker.546238" ["key" => "zenstruck_messenger_monitor.worker.546238"]
13:14:45 INFO      [cache] Lock acquired, now computing item "zenstruck_messenger_monitor.worker.546238" ["key" => "zenstruck_messenger_monitor.worker.546238"]
13:14:46 INFO      [cache] Lock acquired, now computing item "zenstruck_messenger_monitor.worker.546238" ["key" => "zenstruck_messenger_monitor.worker.546238"]
13:14:47 INFO      [cache] Lock acquired, now computing item "zenstruck_messenger_monitor.worker.546238" ["key" => "zenstruck_messenger_monitor.worker.546238"]
13:14:48 INFO      [cache] Lock acquired, now computing item "zenstruck_messenger_monitor.worker.546238" ["key" => "zenstruck_messenger_monitor.worker.546238"]
13:14:49 INFO      [cache] Lock acquired, now computing item "zenstruck_messenger_monitor.worker.546238" ["key" => "zenstruck_messenger_monitor.worker.546238"]
13:14:50 INFO      [cache] Lock acquired, now computing item "zenstruck_messenger_monitor.worker.546238" ["key" => "zenstruck_messenger_monitor.worker.546238"]
13:14:51 INFO      [cache] Lock acquired, now computing item "zenstruck_messenger_monitor.worker.546238" ["key" => "zenstruck_messenger_monitor.worker.546238"]
13:14:52 INFO      [cache] Lock acquired, now computing item "zenstruck_messenger_monitor.worker.546238" ["key" => "zenstruck_messenger_monitor.worker.546238"]
13:14:53 INFO      [cache] Lock acquired, now computing item "zenstruck_messenger_monitor.worker.546238" ["key" => "zenstruck_messenger_monitor.worker.546238"]
13:14:54 INFO      [cache] Lock acquired, now computing item "zenstruck_messenger_monitor.worker.546238" ["key" => "zenstruck_messenger_monitor.worker.546238"]
13:14:55 INFO      [cache] Lock acquired, now computing item "zenstruck_messenger_monitor.worker.546238" ["key" => "zenstruck_messenger_monitor.worker.546238"]
13:14:56 INFO      [cache] Lock acquired, now computing item "zenstruck_messenger_monitor.worker.546238" ["key" => "zenstruck_messenger_monitor.worker.546238"]
13:14:57 INFO      [cache] Lock acquired, now computing item "zenstruck_messenger_monitor.worker.546238" ["key" => "zenstruck_messenger_monitor.worker.546238"]
